<?xml version="1.0" encoding="UTF-8"?>
<!-- Generated by org.testng.reporters.JUnitReportReporter -->
<testsuite hostname="SADEV-07" failures="0" tests="1" name="tests.testSendingmail" time="31.730" errors="0" timestamp="2024-09-02T00:11:14 EEST" skipped="0">
  <testcase classname="tests.testSendingmail" name="excecutesendingmail" time="31.730"/>
</testsuite> <!-- tests.testSendingmail -->
