<?xml version="1.0" encoding="UTF-8"?>
<!-- Generated by org.testng.reporters.JUnitReportReporter -->
<testsuite hostname="SADEV-07" failures="0" tests="1" name="tests.TestReadandUpdatedata" time="1.859" errors="0" timestamp="2024-08-29T00:15:11 EEST" skipped="0">
  <testcase classname="tests.TestReadandUpdatedata" name="testExcelFileUpdate" time="1.859"/>
</testsuite> <!-- tests.TestReadandUpdatedata -->
